<?xml version="1.0" encoding="UTF-8" standalone="no"?>
<!DOCTYPE log SYSTEM "logger.dtd">
<log>
<record>
  <date>2019-02-25T22:12:04</date>
  <millis>1551107524980</millis>
  <sequence>0</sequence>
  <level>START</level>
  <class>com.kms.katalon.core.logging.XmlKeywordLogger</class>
  <method>startSuite</method>
  <thread>1</thread>
  <message>Start Test Suite : Test Suites/TS-Dropdown</message>
  <nestedLevel>0</nestedLevel>
  <property name="name">TS-Dropdown</property>
  <property name="description"></property>
  <property name="id">Test Suites/TS-Dropdown</property>
</record>
<record>
  <date>2019-02-25T22:12:05</date>
  <millis>1551107525002</millis>
  <sequence>1</sequence>
  <level>RUN_DATA</level>
  <class>com.kms.katalon.core.logging.XmlKeywordLogger</class>
  <method>logMessage</method>
  <thread>1</thread>
  <message>hostName = thangctran - 1D48SQ2.kms.com.vn</message>
  <nestedLevel>0</nestedLevel>
  <property name="hostName">thangctran - 1D48SQ2.kms.com.vn</property>
</record>
<record>
  <date>2019-02-25T22:12:05</date>
  <millis>1551107525003</millis>
  <sequence>2</sequence>
  <level>RUN_DATA</level>
  <class>com.kms.katalon.core.logging.XmlKeywordLogger</class>
  <method>logMessage</method>
  <thread>1</thread>
  <message>os = Windows 10 64bit</message>
  <nestedLevel>0</nestedLevel>
  <property name="os">Windows 10 64bit</property>
</record>
<record>
  <date>2019-02-25T22:12:05</date>
  <millis>1551107525003</millis>
  <sequence>3</sequence>
  <level>RUN_DATA</level>
  <class>com.kms.katalon.core.logging.XmlKeywordLogger</class>
  <method>logMessage</method>
  <thread>1</thread>
  <message>hostAddress = 192.168.1.2</message>
  <nestedLevel>0</nestedLevel>
  <property name="hostAddress">192.168.1.2</property>
</record>
<record>
  <date>2019-02-25T22:12:05</date>
  <millis>1551107525004</millis>
  <sequence>4</sequence>
  <level>RUN_DATA</level>
  <class>com.kms.katalon.core.logging.XmlKeywordLogger</class>
  <method>logMessage</method>
  <thread>1</thread>
  <message>katalonVersion = 5.10.1.1</message>
  <nestedLevel>0</nestedLevel>
  <property name="katalonVersion">5.10.1.1</property>
</record>
<record>
  <date>2019-02-25T22:12:05</date>
  <millis>1551107525157</millis>
  <sequence>5</sequence>
  <level>START</level>
  <class>com.kms.katalon.core.logging.XmlKeywordLogger</class>
  <method>startTest</method>
  <thread>1</thread>
  <message>Start Test Case : Test Cases/Dropdown AngularJS</message>
  <nestedLevel>1</nestedLevel>
  <property name="name">Test Cases/Dropdown AngularJS</property>
  <property name="description"></property>
  <property name="id">Test Cases/Dropdown AngularJS</property>
  <property name="source">C:\\Users\\thangctran\\Katalon Studio\\DropdownAngularJS\\Test Cases\\Dropdown AngularJS.tc</property>
  <property name="isOptional">false</property>
</record>
<record>
  <date>2019-02-25T22:12:05</date>
  <millis>1551107525436</millis>
  <sequence>7</sequence>
  <level>START</level>
  <class>com.kms.katalon.core.logging.XmlKeywordLogger</class>
  <method>startKeyword</method>
  <thread>1</thread>
  <message>Start action : openBrowser(\&amp;quot;https://material.angularjs.org/latest/demo/select\&amp;quot;)</message>
  <nestedLevel>1</nestedLevel>
  <property name="startLine">17</property>
  <property name="stepIndex">1</property>
  <property name="description">Open AngularJS page that tagname of dropdown is md-select</property>
</record>
<record>
  <date>2019-02-25T22:12:05</date>
  <millis>1551107525665</millis>
  <sequence>9</sequence>
  <level>INFO</level>
  <class>com.kms.katalon.core.logging.XmlKeywordLogger</class>
  <method>logMessage</method>
  <thread>1</thread>
  <message>Starting &amp;apos;IE&amp;apos; driver</message>
  <nestedLevel>1</nestedLevel>
</record>
<record>
  <date>2019-02-25T22:12:05</date>
  <millis>1551107525710</millis>
  <sequence>10</sequence>
  <level>INFO</level>
  <class>com.kms.katalon.core.logging.XmlKeywordLogger</class>
  <method>logMessage</method>
  <thread>1</thread>
  <message>Action delay is set to 0 seconds</message>
  <nestedLevel>1</nestedLevel>
</record>
<record>
  <date>2019-02-25T22:12:07</date>
  <millis>1551107527481</millis>
  <sequence>12</sequence>
  <level>RUN_DATA</level>
  <class>com.kms.katalon.core.logging.XmlKeywordLogger</class>
  <method>logMessage</method>
  <thread>1</thread>
  <message>sessionId = ac38b723-2cb3-41f8-b193-d532aa5046cb</message>
  <nestedLevel>1</nestedLevel>
  <property name="sessionId">ac38b723-2cb3-41f8-b193-d532aa5046cb</property>
</record>
<record>
  <date>2019-02-25T22:12:07</date>
  <millis>1551107527559</millis>
  <sequence>13</sequence>
  <level>RUN_DATA</level>
  <class>com.kms.katalon.core.logging.XmlKeywordLogger</class>
  <method>logMessage</method>
  <thread>1</thread>
  <message>browser = IE 11</message>
  <nestedLevel>1</nestedLevel>
  <property name="browser">IE 11</property>
</record>
<record>
  <date>2019-02-25T22:12:07</date>
  <millis>1551107527559</millis>
  <sequence>14</sequence>
  <level>RUN_DATA</level>
  <class>com.kms.katalon.core.logging.XmlKeywordLogger</class>
  <method>logMessage</method>
  <thread>1</thread>
  <message>platform = Windows 10</message>
  <nestedLevel>1</nestedLevel>
  <property name="platform">Windows 10</property>
</record>
<record>
  <date>2019-02-25T22:12:07</date>
  <millis>1551107527561</millis>
  <sequence>15</sequence>
  <level>RUN_DATA</level>
  <class>com.kms.katalon.core.logging.XmlKeywordLogger</class>
  <method>logMessage</method>
  <thread>1</thread>
  <message>seleniumVersion = 3.7.1</message>
  <nestedLevel>1</nestedLevel>
  <property name="seleniumVersion">3.7.1</property>
</record>
<record>
  <date>2019-02-25T22:12:07</date>
  <millis>1551107527562</millis>
  <sequence>16</sequence>
  <level>RUN_DATA</level>
  <class>com.kms.katalon.core.logging.XmlKeywordLogger</class>
  <method>logMessage</method>
  <thread>1</thread>
  <message>proxyInformation = ProxyInformation{proxyOption=NO_PROXY, proxyServerType=HTTP, password=, proxyServerAddress=, proxyServerPort=0}</message>
  <nestedLevel>1</nestedLevel>
  <property name="proxyInformation">ProxyInformation{proxyOption=NO_PROXY, proxyServerType=HTTP, password=, proxyServerAddress=, proxyServerPort=0}</property>
</record>
<record>
  <date>2019-02-25T22:12:10</date>
  <millis>1551107530425</millis>
  <sequence>18</sequence>
  <level>PASSED</level>
  <class>com.kms.katalon.core.logging.XmlKeywordLogger</class>
  <method>logMessage</method>
  <thread>1</thread>
  <message>Browser is opened with url: &amp;apos;https://material.angularjs.org/latest/demo/select&amp;apos;</message>
  <nestedLevel>1</nestedLevel>
</record>
<record>
  <date>2019-02-25T22:12:10</date>
  <millis>1551107530425</millis>
  <sequence>19</sequence>
  <level>END</level>
  <class>com.kms.katalon.core.logging.XmlKeywordLogger</class>
  <method>endKeyword</method>
  <thread>1</thread>
  <message>End action : openBrowser(\&amp;quot;https://material.angularjs.org/latest/demo/select\&amp;quot;)</message>
  <nestedLevel>1</nestedLevel>
</record>
<record>
  <date>2019-02-25T22:12:10</date>
  <millis>1551107530426</millis>
  <sequence>20</sequence>
  <level>START</level>
  <class>com.kms.katalon.core.logging.XmlKeywordLogger</class>
  <method>startKeyword</method>
  <thread>1</thread>
  <message>Start action : maximizeWindow()</message>
  <nestedLevel>1</nestedLevel>
  <property name="startLine">18</property>
  <property name="stepIndex">2</property>
</record>
<record>
  <date>2019-02-25T22:12:10</date>
  <millis>1551107530515</millis>
  <sequence>22</sequence>
  <level>PASSED</level>
  <class>com.kms.katalon.core.logging.XmlKeywordLogger</class>
  <method>logMessage</method>
  <thread>1</thread>
  <message>Current window maximized</message>
  <nestedLevel>1</nestedLevel>
</record>
<record>
  <date>2019-02-25T22:12:10</date>
  <millis>1551107530515</millis>
  <sequence>23</sequence>
  <level>END</level>
  <class>com.kms.katalon.core.logging.XmlKeywordLogger</class>
  <method>endKeyword</method>
  <thread>1</thread>
  <message>End action : maximizeWindow()</message>
  <nestedLevel>1</nestedLevel>
</record>
<record>
  <date>2019-02-25T22:12:10</date>
  <millis>1551107530515</millis>
  <sequence>24</sequence>
  <level>START</level>
  <class>com.kms.katalon.core.logging.XmlKeywordLogger</class>
  <method>startKeyword</method>
  <thread>1</thread>
  <message>Start action : kms.AngularJS.selectAllOption(findTestObject(\&amp;quot;Md-Option/cbo_CheckboxOptionHeader\&amp;quot;), true)</message>
  <nestedLevel>1</nestedLevel>
  <property name="startLine">21</property>
  <property name="stepIndex">3</property>
  <property name="description">Select All items: Select Header section</property>
</record>
<record>
  <date>2019-02-25T22:12:10</date>
  <millis>1551107530538</millis>
  <sequence>26</sequence>
  <level>INFO</level>
  <class>com.kms.katalon.core.logging.XmlKeywordLogger</class>
  <method>logMessage</method>
  <thread>1</thread>
  <message>Select All Items on Dropdown</message>
  <nestedLevel>1</nestedLevel>
</record>
<record>
  <date>2019-02-25T22:12:22</date>
  <millis>1551107542293</millis>
  <sequence>30</sequence>
  <level>PASSED</level>
  <class>com.kms.katalon.core.logging.XmlKeywordLogger</class>
  <method>logMessage</method>
  <thread>1</thread>
  <message>Dropdown has been selected</message>
  <nestedLevel>1</nestedLevel>
</record>
<record>
  <date>2019-02-25T22:12:22</date>
  <millis>1551107542295</millis>
  <sequence>31</sequence>
  <level>END</level>
  <class>com.kms.katalon.core.logging.XmlKeywordLogger</class>
  <method>endKeyword</method>
  <thread>1</thread>
  <message>End action : kms.AngularJS.selectAllOption(findTestObject(\&amp;quot;Md-Option/cbo_CheckboxOptionHeader\&amp;quot;), true)</message>
  <nestedLevel>1</nestedLevel>
</record>
<record>
  <date>2019-02-25T22:12:22</date>
  <millis>1551107542296</millis>
  <sequence>32</sequence>
  <level>START</level>
  <class>com.kms.katalon.core.logging.XmlKeywordLogger</class>
  <method>startKeyword</method>
  <thread>1</thread>
  <message>Start action : kms.AngularJS.verifyOptionSelectedByName(findTestObject(\&amp;quot;Md-Option/cbo_CheckboxOptionHeader\&amp;quot;), \&amp;quot;Corn, Onions, Kale, Arugula, Peas, Zucchini\&amp;quot;)</message>
  <nestedLevel>1</nestedLevel>
  <property name="startLine">22</property>
  <property name="stepIndex">4</property>
</record>
<record>
  <date>2019-02-25T22:12:22</date>
  <millis>1551107542555</millis>
  <sequence>37</sequence>
  <level>PASSED</level>
  <class>com.kms.katalon.core.logging.XmlKeywordLogger</class>
  <method>logMessage</method>
  <thread>1</thread>
  <message>Items [Corn, Onions, Kale, Arugula, Peas, Zucchini] are selected</message>
  <nestedLevel>1</nestedLevel>
</record>
<record>
  <date>2019-02-25T22:12:22</date>
  <millis>1551107542556</millis>
  <sequence>38</sequence>
  <level>END</level>
  <class>com.kms.katalon.core.logging.XmlKeywordLogger</class>
  <method>endKeyword</method>
  <thread>1</thread>
  <message>End action : kms.AngularJS.verifyOptionSelectedByName(findTestObject(\&amp;quot;Md-Option/cbo_CheckboxOptionHeader\&amp;quot;), \&amp;quot;Corn, Onions, Kale, Arugula, Peas, Zucchini\&amp;quot;)</message>
  <nestedLevel>1</nestedLevel>
</record>
<record>
  <date>2019-02-25T22:12:22</date>
  <millis>1551107542557</millis>
  <sequence>39</sequence>
  <level>START</level>
  <class>com.kms.katalon.core.logging.XmlKeywordLogger</class>
  <method>startKeyword</method>
  <thread>1</thread>
  <message>Start action : kms.AngularJS.selectOptionByIndex(findTestObject(\&amp;quot;Md-Option/cbo_CheckboxOptionGroup\&amp;quot;), \&amp;quot;2-5\&amp;quot;, true)</message>
  <nestedLevel>1</nestedLevel>
  <property name="startLine">25</property>
  <property name="stepIndex">5</property>
  <property name="description">Select Checkbox items by Index from 2 to 5: Option Groups section</property>
</record>
<record>
  <date>2019-02-25T22:12:22</date>
  <millis>1551107542583</millis>
  <sequence>43</sequence>
  <level>INFO</level>
  <class>com.kms.katalon.core.logging.XmlKeywordLogger</class>
  <method>logMessage</method>
  <thread>1</thread>
  <message>Select Items on Dropdown by Index: [2, 3, 4, 5]</message>
  <nestedLevel>1</nestedLevel>
</record>
<record>
  <date>2019-02-25T22:12:32</date>
  <millis>1551107552144</millis>
  <sequence>47</sequence>
  <level>PASSED</level>
  <class>com.kms.katalon.core.logging.XmlKeywordLogger</class>
  <method>logMessage</method>
  <thread>1</thread>
  <message>Dropdown has been selected</message>
  <nestedLevel>1</nestedLevel>
</record>
<record>
  <date>2019-02-25T22:12:32</date>
  <millis>1551107552146</millis>
  <sequence>48</sequence>
  <level>END</level>
  <class>com.kms.katalon.core.logging.XmlKeywordLogger</class>
  <method>endKeyword</method>
  <thread>1</thread>
  <message>End action : kms.AngularJS.selectOptionByIndex(findTestObject(\&amp;quot;Md-Option/cbo_CheckboxOptionGroup\&amp;quot;), \&amp;quot;2-5\&amp;quot;, true)</message>
  <nestedLevel>1</nestedLevel>
</record>
<record>
  <date>2019-02-25T22:12:32</date>
  <millis>1551107552147</millis>
  <sequence>49</sequence>
  <level>START</level>
  <class>com.kms.katalon.core.logging.XmlKeywordLogger</class>
  <method>startKeyword</method>
  <thread>1</thread>
  <message>Start action : kms.AngularJS.verifyOptionSelectedByName(findTestObject(\&amp;quot;Md-Option/cbo_CheckboxOptionGroup\&amp;quot;), \&amp;quot;Sausage, Ground Beef, Bacon, Mushrooms\&amp;quot;)</message>
  <nestedLevel>1</nestedLevel>
  <property name="startLine">26</property>
  <property name="stepIndex">6</property>
</record>
<record>
  <date>2019-02-25T22:12:32</date>
  <millis>1551107552352</millis>
  <sequence>54</sequence>
  <level>PASSED</level>
  <class>com.kms.katalon.core.logging.XmlKeywordLogger</class>
  <method>logMessage</method>
  <thread>1</thread>
  <message>Items [Sausage, Ground Beef, Bacon, Mushrooms] are selected</message>
  <nestedLevel>1</nestedLevel>
</record>
<record>
  <date>2019-02-25T22:12:32</date>
  <millis>1551107552353</millis>
  <sequence>55</sequence>
  <level>END</level>
  <class>com.kms.katalon.core.logging.XmlKeywordLogger</class>
  <method>endKeyword</method>
  <thread>1</thread>
  <message>End action : kms.AngularJS.verifyOptionSelectedByName(findTestObject(\&amp;quot;Md-Option/cbo_CheckboxOptionGroup\&amp;quot;), \&amp;quot;Sausage, Ground Beef, Bacon, Mushrooms\&amp;quot;)</message>
  <nestedLevel>1</nestedLevel>
</record>
<record>
  <date>2019-02-25T22:12:32</date>
  <millis>1551107552354</millis>
  <sequence>56</sequence>
  <level>START</level>
  <class>com.kms.katalon.core.logging.XmlKeywordLogger</class>
  <method>startKeyword</method>
  <thread>1</thread>
  <message>Start action : kms.AngularJS.selectOptionByIndex(findTestObject(\&amp;quot;Md-Option/cbo_CheckboxOptionGroup\&amp;quot;), \&amp;quot;3,4\&amp;quot;, false)</message>
  <nestedLevel>1</nestedLevel>
  <property name="startLine">29</property>
  <property name="stepIndex">7</property>
  <property name="description">Deselect Checkbox items by Index : 3 and 4: Option Groups section</property>
</record>
<record>
  <date>2019-02-25T22:12:32</date>
  <millis>1551107552360</millis>
  <sequence>60</sequence>
  <level>INFO</level>
  <class>com.kms.katalon.core.logging.XmlKeywordLogger</class>
  <method>logMessage</method>
  <thread>1</thread>
  <message>Deselect Items on Dropdown by Index: [3, 4]</message>
  <nestedLevel>1</nestedLevel>
</record>
<record>
  <date>2019-02-25T22:12:39</date>
  <millis>1551107559635</millis>
  <sequence>64</sequence>
  <level>PASSED</level>
  <class>com.kms.katalon.core.logging.XmlKeywordLogger</class>
  <method>logMessage</method>
  <thread>1</thread>
  <message>Dropdown has been selected</message>
  <nestedLevel>1</nestedLevel>
</record>
<record>
  <date>2019-02-25T22:12:39</date>
  <millis>1551107559638</millis>
  <sequence>65</sequence>
  <level>END</level>
  <class>com.kms.katalon.core.logging.XmlKeywordLogger</class>
  <method>endKeyword</method>
  <thread>1</thread>
  <message>End action : kms.AngularJS.selectOptionByIndex(findTestObject(\&amp;quot;Md-Option/cbo_CheckboxOptionGroup\&amp;quot;), \&amp;quot;3,4\&amp;quot;, false)</message>
  <nestedLevel>1</nestedLevel>
</record>
<record>
  <date>2019-02-25T22:12:39</date>
  <millis>1551107559639</millis>
  <sequence>66</sequence>
  <level>START</level>
  <class>com.kms.katalon.core.logging.XmlKeywordLogger</class>
  <method>startKeyword</method>
  <thread>1</thread>
  <message>Start action : kms.AngularJS.verifyOptionSelectedByName(findTestObject(\&amp;quot;Md-Option/cbo_CheckboxOptionGroup\&amp;quot;), \&amp;quot;Sausage, Mushrooms\&amp;quot;)</message>
  <nestedLevel>1</nestedLevel>
  <property name="startLine">30</property>
  <property name="stepIndex">8</property>
</record>
<record>
  <date>2019-02-25T22:12:39</date>
  <millis>1551107559836</millis>
  <sequence>71</sequence>
  <level>PASSED</level>
  <class>com.kms.katalon.core.logging.XmlKeywordLogger</class>
  <method>logMessage</method>
  <thread>1</thread>
  <message>Items [Sausage, Mushrooms] are selected</message>
  <nestedLevel>1</nestedLevel>
</record>
<record>
  <date>2019-02-25T22:12:39</date>
  <millis>1551107559836</millis>
  <sequence>72</sequence>
  <level>END</level>
  <class>com.kms.katalon.core.logging.XmlKeywordLogger</class>
  <method>endKeyword</method>
  <thread>1</thread>
  <message>End action : kms.AngularJS.verifyOptionSelectedByName(findTestObject(\&amp;quot;Md-Option/cbo_CheckboxOptionGroup\&amp;quot;), \&amp;quot;Sausage, Mushrooms\&amp;quot;)</message>
  <nestedLevel>1</nestedLevel>
</record>
<record>
  <date>2019-02-25T22:12:39</date>
  <millis>1551107559836</millis>
  <sequence>73</sequence>
  <level>START</level>
  <class>com.kms.katalon.core.logging.XmlKeywordLogger</class>
  <method>startKeyword</method>
  <thread>1</thread>
  <message>Start action : kms.AngularJS.selectOptionByIndex(findTestObject(\&amp;quot;Md-Option/cbo_CheckboxOptionGroup\&amp;quot;), 5, false)</message>
  <nestedLevel>1</nestedLevel>
  <property name="startLine">33</property>
  <property name="stepIndex">9</property>
  <property name="description">Deselect Checkbox item by Index at 5: Option Groups section</property>
</record>
<record>
  <date>2019-02-25T22:12:39</date>
  <millis>1551107559843</millis>
  <sequence>77</sequence>
  <level>INFO</level>
  <class>com.kms.katalon.core.logging.XmlKeywordLogger</class>
  <method>logMessage</method>
  <thread>1</thread>
  <message>Deselect Items on Dropdown by Index: [5]</message>
  <nestedLevel>1</nestedLevel>
</record>
<record>
  <date>2019-02-25T22:12:45</date>
  <millis>1551107565788</millis>
  <sequence>81</sequence>
  <level>PASSED</level>
  <class>com.kms.katalon.core.logging.XmlKeywordLogger</class>
  <method>logMessage</method>
  <thread>1</thread>
  <message>Dropdown has been selected</message>
  <nestedLevel>1</nestedLevel>
</record>
<record>
  <date>2019-02-25T22:12:45</date>
  <millis>1551107565790</millis>
  <sequence>82</sequence>
  <level>END</level>
  <class>com.kms.katalon.core.logging.XmlKeywordLogger</class>
  <method>endKeyword</method>
  <thread>1</thread>
  <message>End action : kms.AngularJS.selectOptionByIndex(findTestObject(\&amp;quot;Md-Option/cbo_CheckboxOptionGroup\&amp;quot;), 5, false)</message>
  <nestedLevel>1</nestedLevel>
</record>
<record>
  <date>2019-02-25T22:12:45</date>
  <millis>1551107565790</millis>
  <sequence>83</sequence>
  <level>START</level>
  <class>com.kms.katalon.core.logging.XmlKeywordLogger</class>
  <method>startKeyword</method>
  <thread>1</thread>
  <message>Start action : kms.AngularJS.verifyOptionSelectedByName(findTestObject(\&amp;quot;Md-Option/cbo_CheckboxOptionGroup\&amp;quot;), \&amp;quot;Sausage\&amp;quot;)</message>
  <nestedLevel>1</nestedLevel>
  <property name="startLine">34</property>
  <property name="stepIndex">10</property>
</record>
<record>
  <date>2019-02-25T22:12:45</date>
  <millis>1551107565956</millis>
  <sequence>88</sequence>
  <level>PASSED</level>
  <class>com.kms.katalon.core.logging.XmlKeywordLogger</class>
  <method>logMessage</method>
  <thread>1</thread>
  <message>Items [Sausage] are selected</message>
  <nestedLevel>1</nestedLevel>
</record>
<record>
  <date>2019-02-25T22:12:45</date>
  <millis>1551107565957</millis>
  <sequence>89</sequence>
  <level>END</level>
  <class>com.kms.katalon.core.logging.XmlKeywordLogger</class>
  <method>endKeyword</method>
  <thread>1</thread>
  <message>End action : kms.AngularJS.verifyOptionSelectedByName(findTestObject(\&amp;quot;Md-Option/cbo_CheckboxOptionGroup\&amp;quot;), \&amp;quot;Sausage\&amp;quot;)</message>
  <nestedLevel>1</nestedLevel>
</record>
<record>
  <date>2019-02-25T22:12:45</date>
  <millis>1551107565957</millis>
  <sequence>90</sequence>
  <level>START</level>
  <class>com.kms.katalon.core.logging.XmlKeywordLogger</class>
  <method>startKeyword</method>
  <thread>1</thread>
  <message>Start action : kms.AngularJS.selectOptionByName(findTestObject(\&amp;quot;Md-Option/cbo_CheckboxOptionHeader\&amp;quot;), \&amp;quot;Kale,Peas\&amp;quot;, false)</message>
  <nestedLevel>1</nestedLevel>
  <property name="startLine">37</property>
  <property name="stepIndex">11</property>
  <property name="description">Deselect Checkbox items by Name: Kale,Peas: Select Header section</property>
</record>
<record>
  <date>2019-02-25T22:12:45</date>
  <millis>1551107565964</millis>
  <sequence>92</sequence>
  <level>INFO</level>
  <class>com.kms.katalon.core.logging.XmlKeywordLogger</class>
  <method>logMessage</method>
  <thread>1</thread>
  <message>Deselect Items on Dropdown by Name: [Kale,Peas]</message>
  <nestedLevel>1</nestedLevel>
</record>
<record>
  <date>2019-02-25T22:12:52</date>
  <millis>1551107572991</millis>
  <sequence>96</sequence>
  <level>PASSED</level>
  <class>com.kms.katalon.core.logging.XmlKeywordLogger</class>
  <method>logMessage</method>
  <thread>1</thread>
  <message>Dropdown has been selected</message>
  <nestedLevel>1</nestedLevel>
</record>
<record>
  <date>2019-02-25T22:12:52</date>
  <millis>1551107572993</millis>
  <sequence>97</sequence>
  <level>END</level>
  <class>com.kms.katalon.core.logging.XmlKeywordLogger</class>
  <method>endKeyword</method>
  <thread>1</thread>
  <message>End action : kms.AngularJS.selectOptionByName(findTestObject(\&amp;quot;Md-Option/cbo_CheckboxOptionHeader\&amp;quot;), \&amp;quot;Kale,Peas\&amp;quot;, false)</message>
  <nestedLevel>1</nestedLevel>
</record>
<record>
  <date>2019-02-25T22:12:52</date>
  <millis>1551107572994</millis>
  <sequence>98</sequence>
  <level>START</level>
  <class>com.kms.katalon.core.logging.XmlKeywordLogger</class>
  <method>startKeyword</method>
  <thread>1</thread>
  <message>Start action : kms.AngularJS.verifyOptionSelectedByName(findTestObject(\&amp;quot;Md-Option/cbo_CheckboxOptionHeader\&amp;quot;), \&amp;quot;Corn, Onions, Arugula, Zucchini\&amp;quot;)</message>
  <nestedLevel>1</nestedLevel>
  <property name="startLine">38</property>
  <property name="stepIndex">12</property>
</record>
<record>
  <date>2019-02-25T22:12:53</date>
  <millis>1551107573273</millis>
  <sequence>103</sequence>
  <level>PASSED</level>
  <class>com.kms.katalon.core.logging.XmlKeywordLogger</class>
  <method>logMessage</method>
  <thread>1</thread>
  <message>Items [Corn, Onions, Arugula, Zucchini] are selected</message>
  <nestedLevel>1</nestedLevel>
</record>
<record>
  <date>2019-02-25T22:12:53</date>
  <millis>1551107573274</millis>
  <sequence>104</sequence>
  <level>END</level>
  <class>com.kms.katalon.core.logging.XmlKeywordLogger</class>
  <method>endKeyword</method>
  <thread>1</thread>
  <message>End action : kms.AngularJS.verifyOptionSelectedByName(findTestObject(\&amp;quot;Md-Option/cbo_CheckboxOptionHeader\&amp;quot;), \&amp;quot;Corn, Onions, Arugula, Zucchini\&amp;quot;)</message>
  <nestedLevel>1</nestedLevel>
</record>
<record>
  <date>2019-02-25T22:12:53</date>
  <millis>1551107573274</millis>
  <sequence>105</sequence>
  <level>START</level>
  <class>com.kms.katalon.core.logging.XmlKeywordLogger</class>
  <method>startKeyword</method>
  <thread>1</thread>
  <message>Start action : kms.AngularJS.selectOptionByIndex(findTestObject(\&amp;quot;Md-Option/cbo_State\&amp;quot;), 4)</message>
  <nestedLevel>1</nestedLevel>
  <property name="startLine">41</property>
  <property name="stepIndex">13</property>
  <property name="description">Select items by Index at 4: Basic Usage/Account Preferences section</property>
</record>
<record>
  <date>2019-02-25T22:12:53</date>
  <millis>1551107573281</millis>
  <sequence>109</sequence>
  <level>INFO</level>
  <class>com.kms.katalon.core.logging.XmlKeywordLogger</class>
  <method>logMessage</method>
  <thread>1</thread>
  <message>Select Items on Dropdown by Index: [4]</message>
  <nestedLevel>1</nestedLevel>
</record>
<record>
  <date>2019-02-25T22:12:58</date>
  <millis>1551107578508</millis>
  <sequence>113</sequence>
  <level>PASSED</level>
  <class>com.kms.katalon.core.logging.XmlKeywordLogger</class>
  <method>logMessage</method>
  <thread>1</thread>
  <message>Dropdown has been selected</message>
  <nestedLevel>1</nestedLevel>
</record>
<record>
  <date>2019-02-25T22:12:58</date>
  <millis>1551107578510</millis>
  <sequence>114</sequence>
  <level>END</level>
  <class>com.kms.katalon.core.logging.XmlKeywordLogger</class>
  <method>endKeyword</method>
  <thread>1</thread>
  <message>End action : kms.AngularJS.selectOptionByIndex(findTestObject(\&amp;quot;Md-Option/cbo_State\&amp;quot;), 4)</message>
  <nestedLevel>1</nestedLevel>
</record>
<record>
  <date>2019-02-25T22:12:58</date>
  <millis>1551107578510</millis>
  <sequence>115</sequence>
  <level>START</level>
  <class>com.kms.katalon.core.logging.XmlKeywordLogger</class>
  <method>startKeyword</method>
  <thread>1</thread>
  <message>Start action : kms.AngularJS.verifyOptionSelectedByName(findTestObject(\&amp;quot;Md-Option/cbo_State\&amp;quot;), \&amp;quot;AZ\&amp;quot;)</message>
  <nestedLevel>1</nestedLevel>
  <property name="startLine">42</property>
  <property name="stepIndex">14</property>
</record>
<record>
  <date>2019-02-25T22:12:58</date>
  <millis>1551107578726</millis>
  <sequence>120</sequence>
  <level>PASSED</level>
  <class>com.kms.katalon.core.logging.XmlKeywordLogger</class>
  <method>logMessage</method>
  <thread>1</thread>
  <message>Items [AZ] are selected</message>
  <nestedLevel>1</nestedLevel>
</record>
<record>
  <date>2019-02-25T22:12:58</date>
  <millis>1551107578727</millis>
  <sequence>121</sequence>
  <level>END</level>
  <class>com.kms.katalon.core.logging.XmlKeywordLogger</class>
  <method>endKeyword</method>
  <thread>1</thread>
  <message>End action : kms.AngularJS.verifyOptionSelectedByName(findTestObject(\&amp;quot;Md-Option/cbo_State\&amp;quot;), \&amp;quot;AZ\&amp;quot;)</message>
  <nestedLevel>1</nestedLevel>
</record>
<record>
  <date>2019-02-25T22:12:58</date>
  <millis>1551107578728</millis>
  <sequence>122</sequence>
  <level>START</level>
  <class>com.kms.katalon.core.logging.XmlKeywordLogger</class>
  <method>startKeyword</method>
  <thread>1</thread>
  <message>Start action : kms.AngularJS.selectOptionByName(findTestObject(\&amp;quot;Md-Option/cbo_Armor\&amp;quot;), \&amp;quot;Plate\&amp;quot;)</message>
  <nestedLevel>1</nestedLevel>
  <property name="startLine">45</property>
  <property name="stepIndex">15</property>
  <property name="description">Select items by Name: Plate: Basic Usage/Battle Preferences section</property>
</record>
<record>
  <date>2019-02-25T22:12:58</date>
  <millis>1551107578733</millis>
  <sequence>124</sequence>
  <level>INFO</level>
  <class>com.kms.katalon.core.logging.XmlKeywordLogger</class>
  <method>logMessage</method>
  <thread>1</thread>
  <message>Select Items on Dropdown by Name: [Plate]</message>
  <nestedLevel>1</nestedLevel>
</record>
<record>
  <date>2019-02-25T22:13:03</date>
  <millis>1551107583596</millis>
  <sequence>128</sequence>
  <level>PASSED</level>
  <class>com.kms.katalon.core.logging.XmlKeywordLogger</class>
  <method>logMessage</method>
  <thread>1</thread>
  <message>Dropdown has been selected</message>
  <nestedLevel>1</nestedLevel>
</record>
<record>
  <date>2019-02-25T22:13:03</date>
  <millis>1551107583598</millis>
  <sequence>129</sequence>
  <level>END</level>
  <class>com.kms.katalon.core.logging.XmlKeywordLogger</class>
  <method>endKeyword</method>
  <thread>1</thread>
  <message>End action : kms.AngularJS.selectOptionByName(findTestObject(\&amp;quot;Md-Option/cbo_Armor\&amp;quot;), \&amp;quot;Plate\&amp;quot;)</message>
  <nestedLevel>1</nestedLevel>
</record>
<record>
  <date>2019-02-25T22:13:03</date>
  <millis>1551107583598</millis>
  <sequence>130</sequence>
  <level>START</level>
  <class>com.kms.katalon.core.logging.XmlKeywordLogger</class>
  <method>startKeyword</method>
  <thread>1</thread>
  <message>Start action : kms.AngularJS.verifyOptionSelectedByName(findTestObject(\&amp;quot;Md-Option/cbo_Armor\&amp;quot;), \&amp;quot;Plate\&amp;quot;)</message>
  <nestedLevel>1</nestedLevel>
  <property name="startLine">46</property>
  <property name="stepIndex">16</property>
</record>
<record>
  <date>2019-02-25T22:13:03</date>
  <millis>1551107583789</millis>
  <sequence>135</sequence>
  <level>PASSED</level>
  <class>com.kms.katalon.core.logging.XmlKeywordLogger</class>
  <method>logMessage</method>
  <thread>1</thread>
  <message>Items [Plate] are selected</message>
  <nestedLevel>1</nestedLevel>
</record>
<record>
  <date>2019-02-25T22:13:03</date>
  <millis>1551107583789</millis>
  <sequence>136</sequence>
  <level>END</level>
  <class>com.kms.katalon.core.logging.XmlKeywordLogger</class>
  <method>endKeyword</method>
  <thread>1</thread>
  <message>End action : kms.AngularJS.verifyOptionSelectedByName(findTestObject(\&amp;quot;Md-Option/cbo_Armor\&amp;quot;), \&amp;quot;Plate\&amp;quot;)</message>
  <nestedLevel>1</nestedLevel>
</record>
<record>
  <date>2019-02-25T22:13:03</date>
  <millis>1551107583789</millis>
  <sequence>137</sequence>
  <level>START</level>
  <class>com.kms.katalon.core.logging.XmlKeywordLogger</class>
  <method>startKeyword</method>
  <thread>1</thread>
  <message>Start action : kms.AngularJS.selectOptionByName(findTestObject(\&amp;quot;Md-Option/cbo_SelectedItem\&amp;quot;), \&amp;quot;Item 2\&amp;quot;)</message>
  <nestedLevel>1</nestedLevel>
  <property name="startLine">49</property>
  <property name="stepIndex">17</property>
  <property name="description">Select items by Name: Item 2: Selected Text section</property>
</record>
<record>
  <date>2019-02-25T22:13:03</date>
  <millis>1551107583796</millis>
  <sequence>139</sequence>
  <level>INFO</level>
  <class>com.kms.katalon.core.logging.XmlKeywordLogger</class>
  <method>logMessage</method>
  <thread>1</thread>
  <message>Select Items on Dropdown by Name: [Item 2]</message>
  <nestedLevel>1</nestedLevel>
</record>
<record>
  <date>2019-02-25T22:13:08</date>
  <millis>1551107588684</millis>
  <sequence>143</sequence>
  <level>PASSED</level>
  <class>com.kms.katalon.core.logging.XmlKeywordLogger</class>
  <method>logMessage</method>
  <thread>1</thread>
  <message>Dropdown has been selected</message>
  <nestedLevel>1</nestedLevel>
</record>
<record>
  <date>2019-02-25T22:13:08</date>
  <millis>1551107588686</millis>
  <sequence>144</sequence>
  <level>END</level>
  <class>com.kms.katalon.core.logging.XmlKeywordLogger</class>
  <method>endKeyword</method>
  <thread>1</thread>
  <message>End action : kms.AngularJS.selectOptionByName(findTestObject(\&amp;quot;Md-Option/cbo_SelectedItem\&amp;quot;), \&amp;quot;Item 2\&amp;quot;)</message>
  <nestedLevel>1</nestedLevel>
</record>
<record>
  <date>2019-02-25T22:13:08</date>
  <millis>1551107588687</millis>
  <sequence>145</sequence>
  <level>START</level>
  <class>com.kms.katalon.core.logging.XmlKeywordLogger</class>
  <method>startKeyword</method>
  <thread>1</thread>
  <message>Start action : kms.AngularJS.verifyOptionSelectedByName(findTestObject(\&amp;quot;Md-Option/cbo_SelectedItem\&amp;quot;), \&amp;quot;You have selected: Item 2\&amp;quot;)</message>
  <nestedLevel>1</nestedLevel>
  <property name="startLine">50</property>
  <property name="stepIndex">18</property>
</record>
<record>
  <date>2019-02-25T22:13:08</date>
  <millis>1551107588935</millis>
  <sequence>150</sequence>
  <level>PASSED</level>
  <class>com.kms.katalon.core.logging.XmlKeywordLogger</class>
  <method>logMessage</method>
  <thread>1</thread>
  <message>Items [You have selected: Item 2] are selected</message>
  <nestedLevel>1</nestedLevel>
</record>
<record>
  <date>2019-02-25T22:13:08</date>
  <millis>1551107588937</millis>
  <sequence>151</sequence>
  <level>END</level>
  <class>com.kms.katalon.core.logging.XmlKeywordLogger</class>
  <method>endKeyword</method>
  <thread>1</thread>
  <message>End action : kms.AngularJS.verifyOptionSelectedByName(findTestObject(\&amp;quot;Md-Option/cbo_SelectedItem\&amp;quot;), \&amp;quot;You have selected: Item 2\&amp;quot;)</message>
  <nestedLevel>1</nestedLevel>
</record>
<record>
  <date>2019-02-25T22:13:08</date>
  <millis>1551107588937</millis>
  <sequence>152</sequence>
  <level>START</level>
  <class>com.kms.katalon.core.logging.XmlKeywordLogger</class>
  <method>startKeyword</method>
  <thread>1</thread>
  <message>Start action : kms.AngularJS.selectOptionByName(findTestObject(\&amp;quot;Md-Option/cbo_LoadingIndicator\&amp;quot;), \&amp;quot;Fred Jones\&amp;quot;)</message>
  <nestedLevel>1</nestedLevel>
  <property name="startLine">53</property>
  <property name="stepIndex">19</property>
  <property name="description">Select items by Name: Fred Jones: Options With Async Search section</property>
</record>
<record>
  <date>2019-02-25T22:13:08</date>
  <millis>1551107588941</millis>
  <sequence>154</sequence>
  <level>INFO</level>
  <class>com.kms.katalon.core.logging.XmlKeywordLogger</class>
  <method>logMessage</method>
  <thread>1</thread>
  <message>Select Items on Dropdown by Name: [Fred Jones]</message>
  <nestedLevel>1</nestedLevel>
</record>
<record>
  <date>2019-02-25T22:13:13</date>
  <millis>1551107593832</millis>
  <sequence>158</sequence>
  <level>PASSED</level>
  <class>com.kms.katalon.core.logging.XmlKeywordLogger</class>
  <method>logMessage</method>
  <thread>1</thread>
  <message>Dropdown has been selected</message>
  <nestedLevel>1</nestedLevel>
</record>
<record>
  <date>2019-02-25T22:13:13</date>
  <millis>1551107593833</millis>
  <sequence>159</sequence>
  <level>END</level>
  <class>com.kms.katalon.core.logging.XmlKeywordLogger</class>
  <method>endKeyword</method>
  <thread>1</thread>
  <message>End action : kms.AngularJS.selectOptionByName(findTestObject(\&amp;quot;Md-Option/cbo_LoadingIndicator\&amp;quot;), \&amp;quot;Fred Jones\&amp;quot;)</message>
  <nestedLevel>1</nestedLevel>
</record>
<record>
  <date>2019-02-25T22:13:13</date>
  <millis>1551107593833</millis>
  <sequence>160</sequence>
  <level>START</level>
  <class>com.kms.katalon.core.logging.XmlKeywordLogger</class>
  <method>startKeyword</method>
  <thread>1</thread>
  <message>Start action : kms.AngularJS.verifyOptionSelectedByName(findTestObject(\&amp;quot;Md-Option/cbo_LoadingIndicator\&amp;quot;), \&amp;quot;Fred Jones\&amp;quot;)</message>
  <nestedLevel>1</nestedLevel>
  <property name="startLine">54</property>
  <property name="stepIndex">20</property>
</record>
<record>
  <date>2019-02-25T22:13:13</date>
  <millis>1551107593953</millis>
  <sequence>165</sequence>
  <level>PASSED</level>
  <class>com.kms.katalon.core.logging.XmlKeywordLogger</class>
  <method>logMessage</method>
  <thread>1</thread>
  <message>Items [Fred Jones] are selected</message>
  <nestedLevel>1</nestedLevel>
</record>
<record>
  <date>2019-02-25T22:13:13</date>
  <millis>1551107593954</millis>
  <sequence>166</sequence>
  <level>END</level>
  <class>com.kms.katalon.core.logging.XmlKeywordLogger</class>
  <method>endKeyword</method>
  <thread>1</thread>
  <message>End action : kms.AngularJS.verifyOptionSelectedByName(findTestObject(\&amp;quot;Md-Option/cbo_LoadingIndicator\&amp;quot;), \&amp;quot;Fred Jones\&amp;quot;)</message>
  <nestedLevel>1</nestedLevel>
</record>
<record>
  <date>2019-02-25T22:13:13</date>
  <millis>1551107593955</millis>
  <sequence>167</sequence>
  <level>START</level>
  <class>com.kms.katalon.core.logging.XmlKeywordLogger</class>
  <method>startKeyword</method>
  <thread>1</thread>
  <message>Start action : kms.AngularJS.selectOptionByIndex(findTestObject(\&amp;quot;Md-Option/cbo_LoadingIndicator\&amp;quot;), 2)</message>
  <nestedLevel>1</nestedLevel>
  <property name="startLine">57</property>
  <property name="stepIndex">21</property>
  <property name="description">Select items by Index at 2: Options With Async Search section</property>
</record>
<record>
  <date>2019-02-25T22:13:13</date>
  <millis>1551107593960</millis>
  <sequence>171</sequence>
  <level>INFO</level>
  <class>com.kms.katalon.core.logging.XmlKeywordLogger</class>
  <method>logMessage</method>
  <thread>1</thread>
  <message>Select Items on Dropdown by Index: [2]</message>
  <nestedLevel>1</nestedLevel>
</record>
<record>
  <date>2019-02-25T22:13:19</date>
  <millis>1551107599169</millis>
  <sequence>175</sequence>
  <level>PASSED</level>
  <class>com.kms.katalon.core.logging.XmlKeywordLogger</class>
  <method>logMessage</method>
  <thread>1</thread>
  <message>Dropdown has been selected</message>
  <nestedLevel>1</nestedLevel>
</record>
<record>
  <date>2019-02-25T22:13:19</date>
  <millis>1551107599172</millis>
  <sequence>176</sequence>
  <level>END</level>
  <class>com.kms.katalon.core.logging.XmlKeywordLogger</class>
  <method>endKeyword</method>
  <thread>1</thread>
  <message>End action : kms.AngularJS.selectOptionByIndex(findTestObject(\&amp;quot;Md-Option/cbo_LoadingIndicator\&amp;quot;), 2)</message>
  <nestedLevel>1</nestedLevel>
</record>
<record>
  <date>2019-02-25T22:13:19</date>
  <millis>1551107599172</millis>
  <sequence>177</sequence>
  <level>START</level>
  <class>com.kms.katalon.core.logging.XmlKeywordLogger</class>
  <method>startKeyword</method>
  <thread>1</thread>
  <message>Start action : kms.AngularJS.verifyOptionSelectedByName(findTestObject(\&amp;quot;Md-Option/cbo_LoadingIndicator\&amp;quot;), \&amp;quot;Shaggy Rodgers\&amp;quot;)</message>
  <nestedLevel>1</nestedLevel>
  <property name="startLine">58</property>
  <property name="stepIndex">22</property>
</record>
<record>
  <date>2019-02-25T22:13:19</date>
  <millis>1551107599389</millis>
  <sequence>182</sequence>
  <level>PASSED</level>
  <class>com.kms.katalon.core.logging.XmlKeywordLogger</class>
  <method>logMessage</method>
  <thread>1</thread>
  <message>Items [Shaggy Rodgers] are selected</message>
  <nestedLevel>1</nestedLevel>
</record>
<record>
  <date>2019-02-25T22:13:19</date>
  <millis>1551107599390</millis>
  <sequence>183</sequence>
  <level>END</level>
  <class>com.kms.katalon.core.logging.XmlKeywordLogger</class>
  <method>endKeyword</method>
  <thread>1</thread>
  <message>End action : kms.AngularJS.verifyOptionSelectedByName(findTestObject(\&amp;quot;Md-Option/cbo_LoadingIndicator\&amp;quot;), \&amp;quot;Shaggy Rodgers\&amp;quot;)</message>
  <nestedLevel>1</nestedLevel>
</record>
<record>
  <date>2019-02-25T22:13:19</date>
  <millis>1551107599390</millis>
  <sequence>184</sequence>
  <level>START</level>
  <class>com.kms.katalon.core.logging.XmlKeywordLogger</class>
  <method>startKeyword</method>
  <thread>1</thread>
  <message>Start action : kms.AngularJS.selectSubOptionByName(findTestObject(\&amp;quot;Md-Option/cbo_CheckboxOptionGroup\&amp;quot;), \&amp;quot;Meats\&amp;quot;, \&amp;quot;Bacon\&amp;quot;, true)</message>
  <nestedLevel>1</nestedLevel>
  <property name="startLine">61</property>
  <property name="stepIndex">23</property>
  <property name="description">Select Checkbox items by Name: Bacon under Meats: Option Groups section</property>
</record>
<record>
  <date>2019-02-25T22:13:19</date>
  <millis>1551107599393</millis>
  <sequence>186</sequence>
  <level>INFO</level>
  <class>com.kms.katalon.core.logging.XmlKeywordLogger</class>
  <method>logMessage</method>
  <thread>1</thread>
  <message>Select Sub Items on Dropdown by Name: [Bacon]</message>
  <nestedLevel>1</nestedLevel>
</record>
<record>
  <date>2019-02-25T22:13:25</date>
  <millis>1551107605161</millis>
  <sequence>190</sequence>
  <level>PASSED</level>
  <class>com.kms.katalon.core.logging.XmlKeywordLogger</class>
  <method>logMessage</method>
  <thread>1</thread>
  <message>Dropdown has been selected</message>
  <nestedLevel>1</nestedLevel>
</record>
<record>
  <date>2019-02-25T22:13:25</date>
  <millis>1551107605163</millis>
  <sequence>191</sequence>
  <level>END</level>
  <class>com.kms.katalon.core.logging.XmlKeywordLogger</class>
  <method>endKeyword</method>
  <thread>1</thread>
  <message>End action : kms.AngularJS.selectSubOptionByName(findTestObject(\&amp;quot;Md-Option/cbo_CheckboxOptionGroup\&amp;quot;), \&amp;quot;Meats\&amp;quot;, \&amp;quot;Bacon\&amp;quot;, true)</message>
  <nestedLevel>1</nestedLevel>
</record>
<record>
  <date>2019-02-25T22:13:25</date>
  <millis>1551107605164</millis>
  <sequence>192</sequence>
  <level>START</level>
  <class>com.kms.katalon.core.logging.XmlKeywordLogger</class>
  <method>startKeyword</method>
  <thread>1</thread>
  <message>Start action : kms.AngularJS.verifyOptionSelectedByName(findTestObject(\&amp;quot;Md-Option/cbo_CheckboxOptionGroup\&amp;quot;), \&amp;quot;Sausage, Bacon\&amp;quot;)</message>
  <nestedLevel>1</nestedLevel>
  <property name="startLine">62</property>
  <property name="stepIndex">24</property>
</record>
<record>
  <date>2019-02-25T22:13:25</date>
  <millis>1551107605452</millis>
  <sequence>197</sequence>
  <level>PASSED</level>
  <class>com.kms.katalon.core.logging.XmlKeywordLogger</class>
  <method>logMessage</method>
  <thread>1</thread>
  <message>Items [Sausage, Bacon] are selected</message>
  <nestedLevel>1</nestedLevel>
</record>
<record>
  <date>2019-02-25T22:13:25</date>
  <millis>1551107605454</millis>
  <sequence>198</sequence>
  <level>END</level>
  <class>com.kms.katalon.core.logging.XmlKeywordLogger</class>
  <method>endKeyword</method>
  <thread>1</thread>
  <message>End action : kms.AngularJS.verifyOptionSelectedByName(findTestObject(\&amp;quot;Md-Option/cbo_CheckboxOptionGroup\&amp;quot;), \&amp;quot;Sausage, Bacon\&amp;quot;)</message>
  <nestedLevel>1</nestedLevel>
</record>
<record>
  <date>2019-02-25T22:13:25</date>
  <millis>1551107605455</millis>
  <sequence>199</sequence>
  <level>START</level>
  <class>com.kms.katalon.core.logging.XmlKeywordLogger</class>
  <method>startKeyword</method>
  <thread>1</thread>
  <message>Start action : kms.AngularJS.verifyOptionItemsStatus(findTestObject(\&amp;quot;Md-Option/cbo_State\&amp;quot;), \&amp;quot;AK\&amp;quot;, false)</message>
  <nestedLevel>1</nestedLevel>
  <property name="startLine">65</property>
  <property name="stepIndex">25</property>
  <property name="description">Verify AK item is disabled: Basic Usage/Account Preferences section</property>
</record>
<record>
  <date>2019-02-25T22:13:28</date>
  <millis>1551107608542</millis>
  <sequence>204</sequence>
  <level>INFO</level>
  <class>com.kms.katalon.core.logging.XmlKeywordLogger</class>
  <method>logMessage</method>
  <thread>1</thread>
  <message>Status: true</message>
  <nestedLevel>1</nestedLevel>
</record>
<record>
  <date>2019-02-25T22:13:30</date>
  <millis>1551107610994</millis>
  <sequence>205</sequence>
  <level>PASSED</level>
  <class>com.kms.katalon.core.logging.XmlKeywordLogger</class>
  <method>logMessage</method>
  <thread>1</thread>
  <message>Items [AK] are disabled</message>
  <nestedLevel>1</nestedLevel>
</record>
<record>
  <date>2019-02-25T22:13:30</date>
  <millis>1551107610995</millis>
  <sequence>206</sequence>
  <level>END</level>
  <class>com.kms.katalon.core.logging.XmlKeywordLogger</class>
  <method>endKeyword</method>
  <thread>1</thread>
  <message>End action : kms.AngularJS.verifyOptionItemsStatus(findTestObject(\&amp;quot;Md-Option/cbo_State\&amp;quot;), \&amp;quot;AK\&amp;quot;, false)</message>
  <nestedLevel>1</nestedLevel>
</record>
<record>
  <date>2019-02-25T22:13:30</date>
  <millis>1551107610995</millis>
  <sequence>207</sequence>
  <level>START</level>
  <class>com.kms.katalon.core.logging.XmlKeywordLogger</class>
  <method>startKeyword</method>
  <thread>1</thread>
  <message>Start action : kms.AngularJS.verifyOptionItemsStatus(findTestObject(\&amp;quot;Md-Option/cbo_State\&amp;quot;), \&amp;quot;AZ,CO\&amp;quot;, true)</message>
  <nestedLevel>1</nestedLevel>
  <property name="startLine">68</property>
  <property name="stepIndex">26</property>
  <property name="description">Verify AZ,CO items are enabled: Basic Usage/Account Preferences section</property>
</record>
<record>
  <date>2019-02-25T22:13:34</date>
  <millis>1551107614137</millis>
  <sequence>212</sequence>
  <level>INFO</level>
  <class>com.kms.katalon.core.logging.XmlKeywordLogger</class>
  <method>logMessage</method>
  <thread>1</thread>
  <message>Status: false</message>
  <nestedLevel>1</nestedLevel>
</record>
<record>
  <date>2019-02-25T22:13:34</date>
  <millis>1551107614245</millis>
  <sequence>213</sequence>
  <level>INFO</level>
  <class>com.kms.katalon.core.logging.XmlKeywordLogger</class>
  <method>logMessage</method>
  <thread>1</thread>
  <message>Status: false</message>
  <nestedLevel>1</nestedLevel>
</record>
<record>
  <date>2019-02-25T22:13:35</date>
  <millis>1551107615497</millis>
  <sequence>214</sequence>
  <level>PASSED</level>
  <class>com.kms.katalon.core.logging.XmlKeywordLogger</class>
  <method>logMessage</method>
  <thread>1</thread>
  <message>Items [AZ,CO] are anabled</message>
  <nestedLevel>1</nestedLevel>
</record>
<record>
  <date>2019-02-25T22:13:35</date>
  <millis>1551107615498</millis>
  <sequence>215</sequence>
  <level>END</level>
  <class>com.kms.katalon.core.logging.XmlKeywordLogger</class>
  <method>endKeyword</method>
  <thread>1</thread>
  <message>End action : kms.AngularJS.verifyOptionItemsStatus(findTestObject(\&amp;quot;Md-Option/cbo_State\&amp;quot;), \&amp;quot;AZ,CO\&amp;quot;, true)</message>
  <nestedLevel>1</nestedLevel>
</record>
<record>
  <date>2019-02-25T22:13:35</date>
  <millis>1551107615499</millis>
  <sequence>216</sequence>
  <level>START</level>
  <class>com.kms.katalon.core.logging.XmlKeywordLogger</class>
  <method>startKeyword</method>
  <thread>1</thread>
  <message>Start action : kms.AngularJS.selectSubOptionByIndex(findTestObject(\&amp;quot;Md-Option/cbo_CheckboxOptionGroup\&amp;quot;), \&amp;quot;Veggies\&amp;quot;, \&amp;quot;2,4\&amp;quot;, true)</message>
  <nestedLevel>1</nestedLevel>
  <property name="startLine">71</property>
  <property name="stepIndex">27</property>
  <property name="description">Select Checkbox items by Index: 2 and 4 under Veggies: Option Groups section</property>
</record>
<record>
  <date>2019-02-25T22:13:35</date>
  <millis>1551107615507</millis>
  <sequence>220</sequence>
  <level>INFO</level>
  <class>com.kms.katalon.core.logging.XmlKeywordLogger</class>
  <method>logMessage</method>
  <thread>1</thread>
  <message>Select Sub Items on Dropdown by Index: [2, 4]</message>
  <nestedLevel>1</nestedLevel>
</record>
<record>
  <date>2019-02-25T22:13:42</date>
  <millis>1551107622899</millis>
  <sequence>224</sequence>
  <level>PASSED</level>
  <class>com.kms.katalon.core.logging.XmlKeywordLogger</class>
  <method>logMessage</method>
  <thread>1</thread>
  <message>Dropdown has been selected</message>
  <nestedLevel>1</nestedLevel>
</record>
<record>
  <date>2019-02-25T22:13:42</date>
  <millis>1551107622900</millis>
  <sequence>225</sequence>
  <level>END</level>
  <class>com.kms.katalon.core.logging.XmlKeywordLogger</class>
  <method>endKeyword</method>
  <thread>1</thread>
  <message>End action : kms.AngularJS.selectSubOptionByIndex(findTestObject(\&amp;quot;Md-Option/cbo_CheckboxOptionGroup\&amp;quot;), \&amp;quot;Veggies\&amp;quot;, \&amp;quot;2,4\&amp;quot;, true)</message>
  <nestedLevel>1</nestedLevel>
</record>
<record>
  <date>2019-02-25T22:13:42</date>
  <millis>1551107622901</millis>
  <sequence>226</sequence>
  <level>START</level>
  <class>com.kms.katalon.core.logging.XmlKeywordLogger</class>
  <method>startKeyword</method>
  <thread>1</thread>
  <message>Start action : kms.AngularJS.verifyOptionSelectedByName(findTestObject(\&amp;quot;Md-Option/cbo_CheckboxOptionGroup\&amp;quot;), \&amp;quot;Sausage, Bacon, Onion, Green Olives\&amp;quot;)</message>
  <nestedLevel>1</nestedLevel>
  <property name="startLine">72</property>
  <property name="stepIndex">28</property>
</record>
<record>
  <date>2019-02-25T22:13:43</date>
  <millis>1551107623130</millis>
  <sequence>231</sequence>
  <level>PASSED</level>
  <class>com.kms.katalon.core.logging.XmlKeywordLogger</class>
  <method>logMessage</method>
  <thread>1</thread>
  <message>Items [Sausage, Bacon, Onion, Green Olives] are selected</message>
  <nestedLevel>1</nestedLevel>
</record>
<record>
  <date>2019-02-25T22:13:43</date>
  <millis>1551107623133</millis>
  <sequence>232</sequence>
  <level>END</level>
  <class>com.kms.katalon.core.logging.XmlKeywordLogger</class>
  <method>endKeyword</method>
  <thread>1</thread>
  <message>End action : kms.AngularJS.verifyOptionSelectedByName(findTestObject(\&amp;quot;Md-Option/cbo_CheckboxOptionGroup\&amp;quot;), \&amp;quot;Sausage, Bacon, Onion, Green Olives\&amp;quot;)</message>
  <nestedLevel>1</nestedLevel>
</record>
<record>
  <date>2019-02-25T22:13:43</date>
  <millis>1551107623134</millis>
  <sequence>233</sequence>
  <level>START</level>
  <class>com.kms.katalon.core.logging.XmlKeywordLogger</class>
  <method>startKeyword</method>
  <thread>1</thread>
  <message>Start action : navigateToUrl(\&amp;quot;https://material.angular.io/components/select/overview\&amp;quot;)</message>
  <nestedLevel>1</nestedLevel>
  <property name="startLine">75</property>
  <property name="stepIndex">29</property>
  <property name="description">Open Other AngularJS page that tagname of dropdown is mat-select</property>
</record>
<record>
  <date>2019-02-25T22:13:45</date>
  <millis>1551107625367</millis>
  <sequence>236</sequence>
  <level>PASSED</level>
  <class>com.kms.katalon.core.logging.XmlKeywordLogger</class>
  <method>logMessage</method>
  <thread>1</thread>
  <message>Navigate to &amp;apos;https://material.angular.io/components/select/overview&amp;apos; successfully</message>
  <nestedLevel>1</nestedLevel>
</record>
<record>
  <date>2019-02-25T22:13:45</date>
  <millis>1551107625367</millis>
  <sequence>237</sequence>
  <level>END</level>
  <class>com.kms.katalon.core.logging.XmlKeywordLogger</class>
  <method>endKeyword</method>
  <thread>1</thread>
  <message>End action : navigateToUrl(\&amp;quot;https://material.angular.io/components/select/overview\&amp;quot;)</message>
  <nestedLevel>1</nestedLevel>
</record>
<record>
  <date>2019-02-25T22:13:45</date>
  <millis>1551107625368</millis>
  <sequence>238</sequence>
  <level>START</level>
  <class>com.kms.katalon.core.logging.XmlKeywordLogger</class>
  <method>startKeyword</method>
  <thread>1</thread>
  <message>Start action : click(findTestObject(\&amp;quot;Mat-Option/lnk_Examples\&amp;quot;))</message>
  <nestedLevel>1</nestedLevel>
  <property name="startLine">76</property>
  <property name="stepIndex">30</property>
</record>
<record>
  <date>2019-02-25T22:13:47</date>
  <millis>1551107627132</millis>
  <sequence>245</sequence>
  <level>PASSED</level>
  <class>com.kms.katalon.core.logging.XmlKeywordLogger</class>
  <method>logMessage</method>
  <thread>1</thread>
  <message>Object: &amp;apos;Object Repository/Mat-Option/lnk_Examples&amp;apos; is clicked on</message>
  <nestedLevel>1</nestedLevel>
</record>
<record>
  <date>2019-02-25T22:13:47</date>
  <millis>1551107627132</millis>
  <sequence>246</sequence>
  <level>END</level>
  <class>com.kms.katalon.core.logging.XmlKeywordLogger</class>
  <method>endKeyword</method>
  <thread>1</thread>
  <message>End action : click(findTestObject(\&amp;quot;Mat-Option/lnk_Examples\&amp;quot;))</message>
  <nestedLevel>1</nestedLevel>
</record>
<record>
  <date>2019-02-25T22:13:47</date>
  <millis>1551107627132</millis>
  <sequence>247</sequence>
  <level>START</level>
  <class>com.kms.katalon.core.logging.XmlKeywordLogger</class>
  <method>startKeyword</method>
  <thread>1</thread>
  <message>Start action : maximizeWindow()</message>
  <nestedLevel>1</nestedLevel>
  <property name="startLine">77</property>
  <property name="stepIndex">31</property>
</record>
<record>
  <date>2019-02-25T22:13:47</date>
  <millis>1551107627147</millis>
  <sequence>249</sequence>
  <level>PASSED</level>
  <class>com.kms.katalon.core.logging.XmlKeywordLogger</class>
  <method>logMessage</method>
  <thread>1</thread>
  <message>Current window maximized</message>
  <nestedLevel>1</nestedLevel>
</record>
<record>
  <date>2019-02-25T22:13:47</date>
  <millis>1551107627148</millis>
  <sequence>250</sequence>
  <level>END</level>
  <class>com.kms.katalon.core.logging.XmlKeywordLogger</class>
  <method>endKeyword</method>
  <thread>1</thread>
  <message>End action : maximizeWindow()</message>
  <nestedLevel>1</nestedLevel>
</record>
<record>
  <date>2019-02-25T22:13:47</date>
  <millis>1551107627148</millis>
  <sequence>251</sequence>
  <level>START</level>
  <class>com.kms.katalon.core.logging.XmlKeywordLogger</class>
  <method>startKeyword</method>
  <thread>1</thread>
  <message>Start action : kms.AngularJS.selectOptionByIndex(findTestObject(\&amp;quot;Mat-Option/cbo_FavoriteAnimal\&amp;quot;), 3)</message>
  <nestedLevel>1</nestedLevel>
  <property name="startLine">80</property>
  <property name="stepIndex">32</property>
  <property name="description">Select items by Index at 3: Select with form field features section</property>
</record>
<record>
  <date>2019-02-25T22:13:47</date>
  <millis>1551107627153</millis>
  <sequence>255</sequence>
  <level>INFO</level>
  <class>com.kms.katalon.core.logging.XmlKeywordLogger</class>
  <method>logMessage</method>
  <thread>1</thread>
  <message>Select Items on Dropdown by Index: [3]</message>
  <nestedLevel>1</nestedLevel>
</record>
<record>
  <date>2019-02-25T22:13:52</date>
  <millis>1551107632225</millis>
  <sequence>259</sequence>
  <level>PASSED</level>
  <class>com.kms.katalon.core.logging.XmlKeywordLogger</class>
  <method>logMessage</method>
  <thread>1</thread>
  <message>Dropdown has been selected</message>
  <nestedLevel>1</nestedLevel>
</record>
<record>
  <date>2019-02-25T22:13:52</date>
  <millis>1551107632226</millis>
  <sequence>260</sequence>
  <level>END</level>
  <class>com.kms.katalon.core.logging.XmlKeywordLogger</class>
  <method>endKeyword</method>
  <thread>1</thread>
  <message>End action : kms.AngularJS.selectOptionByIndex(findTestObject(\&amp;quot;Mat-Option/cbo_FavoriteAnimal\&amp;quot;), 3)</message>
  <nestedLevel>1</nestedLevel>
</record>
<record>
  <date>2019-02-25T22:13:52</date>
  <millis>1551107632226</millis>
  <sequence>261</sequence>
  <level>START</level>
  <class>com.kms.katalon.core.logging.XmlKeywordLogger</class>
  <method>startKeyword</method>
  <thread>1</thread>
  <message>Start action : kms.AngularJS.verifyOptionSelectedByName(findTestObject(\&amp;quot;Mat-Option/cbo_FavoriteAnimal\&amp;quot;), \&amp;quot;Cat\&amp;quot;)</message>
  <nestedLevel>1</nestedLevel>
  <property name="startLine">81</property>
  <property name="stepIndex">33</property>
</record>
<record>
  <date>2019-02-25T22:13:52</date>
  <millis>1551107632431</millis>
  <sequence>266</sequence>
  <level>PASSED</level>
  <class>com.kms.katalon.core.logging.XmlKeywordLogger</class>
  <method>logMessage</method>
  <thread>1</thread>
  <message>Items [Cat] are selected</message>
  <nestedLevel>1</nestedLevel>
</record>
<record>
  <date>2019-02-25T22:13:52</date>
  <millis>1551107632432</millis>
  <sequence>267</sequence>
  <level>END</level>
  <class>com.kms.katalon.core.logging.XmlKeywordLogger</class>
  <method>endKeyword</method>
  <thread>1</thread>
  <message>End action : kms.AngularJS.verifyOptionSelectedByName(findTestObject(\&amp;quot;Mat-Option/cbo_FavoriteAnimal\&amp;quot;), \&amp;quot;Cat\&amp;quot;)</message>
  <nestedLevel>1</nestedLevel>
</record>
<record>
  <date>2019-02-25T22:13:52</date>
  <millis>1551107632432</millis>
  <sequence>268</sequence>
  <level>START</level>
  <class>com.kms.katalon.core.logging.XmlKeywordLogger</class>
  <method>startKeyword</method>
  <thread>1</thread>
  <message>Start action : kms.AngularJS.verifyOptionItemsStatus(findTestObject(\&amp;quot;Mat-Option/cbo_DisabledSelect\&amp;quot;), \&amp;quot;Option 2 (disabled)\&amp;quot;, false)</message>
  <nestedLevel>1</nestedLevel>
  <property name="startLine">84</property>
  <property name="stepIndex">34</property>
  <property name="description">Verify Option 2 item is disabled: Disabled select section</property>
</record>
<record>
  <date>2019-02-25T22:13:55</date>
  <millis>1551107635558</millis>
  <sequence>273</sequence>
  <level>INFO</level>
  <class>com.kms.katalon.core.logging.XmlKeywordLogger</class>
  <method>logMessage</method>
  <thread>1</thread>
  <message>Status: true</message>
  <nestedLevel>1</nestedLevel>
</record>
<record>
  <date>2019-02-25T22:13:57</date>
  <millis>1551107637836</millis>
  <sequence>274</sequence>
  <level>PASSED</level>
  <class>com.kms.katalon.core.logging.XmlKeywordLogger</class>
  <method>logMessage</method>
  <thread>1</thread>
  <message>Items [Option 2 (disabled)] are disabled</message>
  <nestedLevel>1</nestedLevel>
</record>
<record>
  <date>2019-02-25T22:13:57</date>
  <millis>1551107637838</millis>
  <sequence>275</sequence>
  <level>END</level>
  <class>com.kms.katalon.core.logging.XmlKeywordLogger</class>
  <method>endKeyword</method>
  <thread>1</thread>
  <message>End action : kms.AngularJS.verifyOptionItemsStatus(findTestObject(\&amp;quot;Mat-Option/cbo_DisabledSelect\&amp;quot;), \&amp;quot;Option 2 (disabled)\&amp;quot;, false)</message>
  <nestedLevel>1</nestedLevel>
</record>
<record>
  <date>2019-02-25T22:13:57</date>
  <millis>1551107637839</millis>
  <sequence>276</sequence>
  <level>START</level>
  <class>com.kms.katalon.core.logging.XmlKeywordLogger</class>
  <method>startKeyword</method>
  <thread>1</thread>
  <message>Start action : kms.AngularJS.verifyOptionItemsStatus(findTestObject(\&amp;quot;Mat-Option/cbo_DisabledSelect\&amp;quot;), \&amp;quot;Option 1,Option 3\&amp;quot;, true)</message>
  <nestedLevel>1</nestedLevel>
  <property name="startLine">85</property>
  <property name="stepIndex">35</property>
</record>
<record>
  <date>2019-02-25T22:14:00</date>
  <millis>1551107640853</millis>
  <sequence>281</sequence>
  <level>INFO</level>
  <class>com.kms.katalon.core.logging.XmlKeywordLogger</class>
  <method>logMessage</method>
  <thread>1</thread>
  <message>Status: false</message>
  <nestedLevel>1</nestedLevel>
</record>
<record>
  <date>2019-02-25T22:14:01</date>
  <millis>1551107641052</millis>
  <sequence>282</sequence>
  <level>INFO</level>
  <class>com.kms.katalon.core.logging.XmlKeywordLogger</class>
  <method>logMessage</method>
  <thread>1</thread>
  <message>Status: false</message>
  <nestedLevel>1</nestedLevel>
</record>
<record>
  <date>2019-02-25T22:14:02</date>
  <millis>1551107642326</millis>
  <sequence>283</sequence>
  <level>PASSED</level>
  <class>com.kms.katalon.core.logging.XmlKeywordLogger</class>
  <method>logMessage</method>
  <thread>1</thread>
  <message>Items [Option 1,Option 3] are anabled</message>
  <nestedLevel>1</nestedLevel>
</record>
<record>
  <date>2019-02-25T22:14:02</date>
  <millis>1551107642327</millis>
  <sequence>284</sequence>
  <level>END</level>
  <class>com.kms.katalon.core.logging.XmlKeywordLogger</class>
  <method>endKeyword</method>
  <thread>1</thread>
  <message>End action : kms.AngularJS.verifyOptionItemsStatus(findTestObject(\&amp;quot;Mat-Option/cbo_DisabledSelect\&amp;quot;), \&amp;quot;Option 1,Option 3\&amp;quot;, true)</message>
  <nestedLevel>1</nestedLevel>
</record>
<record>
  <date>2019-02-25T22:14:02</date>
  <millis>1551107642328</millis>
  <sequence>285</sequence>
  <level>START</level>
  <class>com.kms.katalon.core.logging.XmlKeywordLogger</class>
  <method>startKeyword</method>
  <thread>1</thread>
  <message>Start action : kms.AngularJS.selectOptionByName(findTestObject(\&amp;quot;Mat-Option/cbo_MultipleSelection\&amp;quot;), \&amp;quot;Mushroom,Tomato\&amp;quot;, true)</message>
  <nestedLevel>1</nestedLevel>
  <property name="startLine">88</property>
  <property name="stepIndex">36</property>
  <property name="description">Select Checkbox items by Name: Select with multiple selection section</property>
</record>
<record>
  <date>2019-02-25T22:14:02</date>
  <millis>1551107642336</millis>
  <sequence>287</sequence>
  <level>INFO</level>
  <class>com.kms.katalon.core.logging.XmlKeywordLogger</class>
  <method>logMessage</method>
  <thread>1</thread>
  <message>Select Items on Dropdown by Name: [Mushroom,Tomato]</message>
  <nestedLevel>1</nestedLevel>
</record>
<record>
  <date>2019-02-25T22:14:09</date>
  <millis>1551107649994</millis>
  <sequence>291</sequence>
  <level>PASSED</level>
  <class>com.kms.katalon.core.logging.XmlKeywordLogger</class>
  <method>logMessage</method>
  <thread>1</thread>
  <message>Dropdown has been selected</message>
  <nestedLevel>1</nestedLevel>
</record>
<record>
  <date>2019-02-25T22:14:09</date>
  <millis>1551107649996</millis>
  <sequence>292</sequence>
  <level>END</level>
  <class>com.kms.katalon.core.logging.XmlKeywordLogger</class>
  <method>endKeyword</method>
  <thread>1</thread>
  <message>End action : kms.AngularJS.selectOptionByName(findTestObject(\&amp;quot;Mat-Option/cbo_MultipleSelection\&amp;quot;), \&amp;quot;Mushroom,Tomato\&amp;quot;, true)</message>
  <nestedLevel>1</nestedLevel>
</record>
<record>
  <date>2019-02-25T22:14:09</date>
  <millis>1551107649996</millis>
  <sequence>293</sequence>
  <level>START</level>
  <class>com.kms.katalon.core.logging.XmlKeywordLogger</class>
  <method>startKeyword</method>
  <thread>1</thread>
  <message>Start action : kms.AngularJS.verifyOptionSelectedByName(findTestObject(\&amp;quot;Mat-Option/cbo_MultipleSelection\&amp;quot;), \&amp;quot;Mushroom, Tomato\&amp;quot;)</message>
  <nestedLevel>1</nestedLevel>
  <property name="startLine">89</property>
  <property name="stepIndex">37</property>
</record>
<record>
  <date>2019-02-25T22:14:10</date>
  <millis>1551107650171</millis>
  <sequence>298</sequence>
  <level>PASSED</level>
  <class>com.kms.katalon.core.logging.XmlKeywordLogger</class>
  <method>logMessage</method>
  <thread>1</thread>
  <message>Items [Mushroom, Tomato] are selected</message>
  <nestedLevel>1</nestedLevel>
</record>
<record>
  <date>2019-02-25T22:14:10</date>
  <millis>1551107650172</millis>
  <sequence>299</sequence>
  <level>END</level>
  <class>com.kms.katalon.core.logging.XmlKeywordLogger</class>
  <method>endKeyword</method>
  <thread>1</thread>
  <message>End action : kms.AngularJS.verifyOptionSelectedByName(findTestObject(\&amp;quot;Mat-Option/cbo_MultipleSelection\&amp;quot;), \&amp;quot;Mushroom, Tomato\&amp;quot;)</message>
  <nestedLevel>1</nestedLevel>
</record>
<record>
  <date>2019-02-25T22:14:10</date>
  <millis>1551107650172</millis>
  <sequence>300</sequence>
  <level>START</level>
  <class>com.kms.katalon.core.logging.XmlKeywordLogger</class>
  <method>startKeyword</method>
  <thread>1</thread>
  <message>Start action : kms.AngularJS.selectSubOptionByName(findTestObject(\&amp;quot;Mat-Option/cbo_OptionGroup\&amp;quot;), \&amp;quot;Grass\&amp;quot;, \&amp;quot;Oddish\&amp;quot;, true)</message>
  <nestedLevel>1</nestedLevel>
  <property name="startLine">92</property>
  <property name="stepIndex">38</property>
  <property name="description">Select items by Name: Oddish under Grass: Select with option groups section</property>
</record>
<record>
  <date>2019-02-25T22:14:10</date>
  <millis>1551107650176</millis>
  <sequence>302</sequence>
  <level>INFO</level>
  <class>com.kms.katalon.core.logging.XmlKeywordLogger</class>
  <method>logMessage</method>
  <thread>1</thread>
  <message>Select Sub Items on Dropdown by Name: [Oddish]</message>
  <nestedLevel>1</nestedLevel>
</record>
<record>
  <date>2019-02-25T22:14:15</date>
  <millis>1551107655111</millis>
  <sequence>306</sequence>
  <level>PASSED</level>
  <class>com.kms.katalon.core.logging.XmlKeywordLogger</class>
  <method>logMessage</method>
  <thread>1</thread>
  <message>Dropdown has been selected</message>
  <nestedLevel>1</nestedLevel>
</record>
<record>
  <date>2019-02-25T22:14:15</date>
  <millis>1551107655113</millis>
  <sequence>307</sequence>
  <level>END</level>
  <class>com.kms.katalon.core.logging.XmlKeywordLogger</class>
  <method>endKeyword</method>
  <thread>1</thread>
  <message>End action : kms.AngularJS.selectSubOptionByName(findTestObject(\&amp;quot;Mat-Option/cbo_OptionGroup\&amp;quot;), \&amp;quot;Grass\&amp;quot;, \&amp;quot;Oddish\&amp;quot;, true)</message>
  <nestedLevel>1</nestedLevel>
</record>
<record>
  <date>2019-02-25T22:14:15</date>
  <millis>1551107655114</millis>
  <sequence>308</sequence>
  <level>START</level>
  <class>com.kms.katalon.core.logging.XmlKeywordLogger</class>
  <method>startKeyword</method>
  <thread>1</thread>
  <message>Start action : kms.AngularJS.verifyOptionSelectedByName(findTestObject(\&amp;quot;Mat-Option/cbo_OptionGroup\&amp;quot;), \&amp;quot;Oddish\&amp;quot;)</message>
  <nestedLevel>1</nestedLevel>
  <property name="startLine">93</property>
  <property name="stepIndex">39</property>
</record>
<record>
  <date>2019-02-25T22:14:15</date>
  <millis>1551107655288</millis>
  <sequence>313</sequence>
  <level>PASSED</level>
  <class>com.kms.katalon.core.logging.XmlKeywordLogger</class>
  <method>logMessage</method>
  <thread>1</thread>
  <message>Items [Oddish] are selected</message>
  <nestedLevel>1</nestedLevel>
</record>
<record>
  <date>2019-02-25T22:14:15</date>
  <millis>1551107655288</millis>
  <sequence>314</sequence>
  <level>END</level>
  <class>com.kms.katalon.core.logging.XmlKeywordLogger</class>
  <method>endKeyword</method>
  <thread>1</thread>
  <message>End action : kms.AngularJS.verifyOptionSelectedByName(findTestObject(\&amp;quot;Mat-Option/cbo_OptionGroup\&amp;quot;), \&amp;quot;Oddish\&amp;quot;)</message>
  <nestedLevel>1</nestedLevel>
</record>
<record>
  <date>2019-02-25T22:14:15</date>
  <millis>1551107655289</millis>
  <sequence>315</sequence>
  <level>START</level>
  <class>com.kms.katalon.core.logging.XmlKeywordLogger</class>
  <method>startKeyword</method>
  <thread>1</thread>
  <message>Start action : kms.AngularJS.selectSubOptionByIndex(findTestObject(\&amp;quot;Mat-Option/cbo_OptionGroup\&amp;quot;), \&amp;quot;Psychic\&amp;quot;, 2, true)</message>
  <nestedLevel>1</nestedLevel>
  <property name="startLine">96</property>
  <property name="stepIndex">40</property>
  <property name="description">Select items by Index: at 2 under Psychic: Select with option groups section</property>
</record>
<record>
  <date>2019-02-25T22:14:15</date>
  <millis>1551107655294</millis>
  <sequence>319</sequence>
  <level>INFO</level>
  <class>com.kms.katalon.core.logging.XmlKeywordLogger</class>
  <method>logMessage</method>
  <thread>1</thread>
  <message>Select Sub Items on Dropdown by Index: [2]</message>
  <nestedLevel>1</nestedLevel>
</record>
<record>
  <date>2019-02-25T22:14:20</date>
  <millis>1551107660220</millis>
  <sequence>323</sequence>
  <level>PASSED</level>
  <class>com.kms.katalon.core.logging.XmlKeywordLogger</class>
  <method>logMessage</method>
  <thread>1</thread>
  <message>Dropdown has been selected</message>
  <nestedLevel>1</nestedLevel>
</record>
<record>
  <date>2019-02-25T22:14:20</date>
  <millis>1551107660221</millis>
  <sequence>324</sequence>
  <level>END</level>
  <class>com.kms.katalon.core.logging.XmlKeywordLogger</class>
  <method>endKeyword</method>
  <thread>1</thread>
  <message>End action : kms.AngularJS.selectSubOptionByIndex(findTestObject(\&amp;quot;Mat-Option/cbo_OptionGroup\&amp;quot;), \&amp;quot;Psychic\&amp;quot;, 2, true)</message>
  <nestedLevel>1</nestedLevel>
</record>
<record>
  <date>2019-02-25T22:14:20</date>
  <millis>1551107660222</millis>
  <sequence>325</sequence>
  <level>START</level>
  <class>com.kms.katalon.core.logging.XmlKeywordLogger</class>
  <method>startKeyword</method>
  <thread>1</thread>
  <message>Start action : kms.AngularJS.verifyOptionSelectedByName(findTestObject(\&amp;quot;Mat-Option/cbo_OptionGroup\&amp;quot;), \&amp;quot;Mewtwo\&amp;quot;)</message>
  <nestedLevel>1</nestedLevel>
  <property name="startLine">97</property>
  <property name="stepIndex">41</property>
</record>
<record>
  <date>2019-02-25T22:14:20</date>
  <millis>1551107660434</millis>
  <sequence>330</sequence>
  <level>PASSED</level>
  <class>com.kms.katalon.core.logging.XmlKeywordLogger</class>
  <method>logMessage</method>
  <thread>1</thread>
  <message>Items [Mewtwo] are selected</message>
  <nestedLevel>1</nestedLevel>
</record>
<record>
  <date>2019-02-25T22:14:20</date>
  <millis>1551107660434</millis>
  <sequence>331</sequence>
  <level>END</level>
  <class>com.kms.katalon.core.logging.XmlKeywordLogger</class>
  <method>endKeyword</method>
  <thread>1</thread>
  <message>End action : kms.AngularJS.verifyOptionSelectedByName(findTestObject(\&amp;quot;Mat-Option/cbo_OptionGroup\&amp;quot;), \&amp;quot;Mewtwo\&amp;quot;)</message>
  <nestedLevel>1</nestedLevel>
</record>
<record>
  <date>2019-02-25T22:14:20</date>
  <millis>1551107660434</millis>
  <sequence>332</sequence>
  <level>START</level>
  <class>com.kms.katalon.core.logging.XmlKeywordLogger</class>
  <method>startKeyword</method>
  <thread>1</thread>
  <message>Start action : closeBrowser()</message>
  <nestedLevel>1</nestedLevel>
  <property name="startLine">100</property>
  <property name="stepIndex">42</property>
  <property name="description">Close Browser</property>
</record>
<record>
  <date>2019-02-25T22:14:20</date>
  <millis>1551107660994</millis>
  <sequence>334</sequence>
  <level>PASSED</level>
  <class>com.kms.katalon.core.logging.XmlKeywordLogger</class>
  <method>logMessage</method>
  <thread>1</thread>
  <message>Browser is closed</message>
  <nestedLevel>1</nestedLevel>
</record>
<record>
  <date>2019-02-25T22:14:20</date>
  <millis>1551107660994</millis>
  <sequence>335</sequence>
  <level>END</level>
  <class>com.kms.katalon.core.logging.XmlKeywordLogger</class>
  <method>endKeyword</method>
  <thread>1</thread>
  <message>End action : closeBrowser()</message>
  <nestedLevel>1</nestedLevel>
</record>
<record>
  <date>2019-02-25T22:14:20</date>
  <millis>1551107660995</millis>
  <sequence>336</sequence>
  <level>PASSED</level>
  <class>com.kms.katalon.core.logging.XmlKeywordLogger</class>
  <method>logMessage</method>
  <thread>1</thread>
  <message>Test Cases/Dropdown AngularJS</message>
  <nestedLevel>1</nestedLevel>
</record>
<record>
  <date>2019-02-25T22:14:20</date>
  <millis>1551107660996</millis>
  <sequence>337</sequence>
  <level>END</level>
  <class>com.kms.katalon.core.logging.XmlKeywordLogger</class>
  <method>endTest</method>
  <thread>1</thread>
  <message>End Test Case : Test Cases/Dropdown AngularJS</message>
  <nestedLevel>0</nestedLevel>
</record>
<record>
  <date>2019-02-25T22:14:21</date>
  <millis>1551107661042</millis>
  <sequence>338</sequence>
  <level>END</level>
  <class>com.kms.katalon.core.logging.XmlKeywordLogger</class>
  <method>endSuite</method>
  <thread>1</thread>
  <message>End Test Suite : Test Suites/TS-Dropdown</message>
  <nestedLevel>0</nestedLevel>
</record>
</log>
